<?xml version="1.0" encoding="UTF-8"?>
<testng-results ignored="0" total="1" passed="1" failed="0" skipped="0">
  <reporter-output>
  </reporter-output>
  <suite started-at="2022-06-06T21:05:39 IST" name="Default suite" finished-at="2022-06-06T21:06:28 IST" duration-ms="48732">
    <groups>
    </groups>
    <test started-at="2022-06-06T21:05:39 IST" name="Default test" finished-at="2022-06-06T21:06:28 IST" duration-ms="48732">
      <class name="tests.SmokeTest">
        <test-method is-config="true" signature="setupDriver(java.lang.String)[pri:0, instance:tests.SmokeTest@1af2d44a]" started-at="2022-06-06T21:05:18 IST" name="setupDriver" finished-at="2022-06-06T21:05:39 IST" duration-ms="21339" status="PASS">
          <params>
            <param index="0">
              <value>
                <![CDATA[Emulator]]>
              </value>
            </param>
          </params>
          <reporter-output>
          </reporter-output>
        </test-method> <!-- setupDriver -->
        <test-method signature="firstMthod()[pri:0, instance:tests.SmokeTest@1af2d44a]" started-at="2022-06-06T21:05:39 IST" name="firstMthod" finished-at="2022-06-06T21:06:28 IST" duration-ms="48657" status="PASS">
          <reporter-output>
          </reporter-output>
        </test-method> <!-- firstMthod -->
        <test-method is-config="true" signature="closeDriver()[pri:0, instance:tests.SmokeTest@1af2d44a]" started-at="2022-06-06T21:06:28 IST" name="closeDriver" finished-at="2022-06-06T21:06:29 IST" duration-ms="889" status="PASS">
          <reporter-output>
          </reporter-output>
        </test-method> <!-- closeDriver -->
      </class> <!-- tests.SmokeTest -->
    </test> <!-- Default test -->
  </suite> <!-- Default suite -->
</testng-results>
